[debug] [2022-09-02T20:01:27.241Z] ----------------------------------------------------------------------
[debug] [2022-09-02T20:01:27.244Z] Command:       C:\Program Files\nodejs\node.exe C:\Users\maric\AppData\Roaming\npm\node_modules\firebase-tools\lib\bin\firebase.js deploy
[debug] [2022-09-02T20:01:27.245Z] CLI Version:   11.6.0
[debug] [2022-09-02T20:01:27.245Z] Platform:      win32
[debug] [2022-09-02T20:01:27.245Z] Node Version:  v16.13.1
[debug] [2022-09-02T20:01:27.246Z] Time:          Fri Sep 02 2022 15:01:27 GMT-0500 (Central Daylight Time)
[debug] [2022-09-02T20:01:27.247Z] ----------------------------------------------------------------------
[debug] 
[debug] [2022-09-02T20:01:27.251Z] >>> [apiv2][query] GET https://firebase-public.firebaseio.com/cli.json [none]
[debug] [2022-09-02T20:01:27.372Z] > command requires scopes: ["email","openid","https://www.googleapis.com/auth/cloudplatformprojects.readonly","https://www.googleapis.com/auth/firebase","https://www.googleapis.com/auth/cloud-platform"]
[debug] [2022-09-02T20:01:27.373Z] > authorizing via signed-in user (deguiamari@gmail.com)
[debug] [2022-09-02T20:01:27.373Z] [iam] checking project mariclaire-dg for permissions ["firebase.projects.get","firebasehosting.sites.update"]
[debug] [2022-09-02T20:01:27.374Z] > refreshing access token with scopes: []
[debug] [2022-09-02T20:01:27.375Z] >>> [apiv2][query] POST https://www.googleapis.com/oauth2/v3/token [none]
[debug] [2022-09-02T20:01:27.376Z] >>> [apiv2][body] POST https://www.googleapis.com/oauth2/v3/token [omitted]
[debug] [2022-09-02T20:01:28.579Z] <<< [apiv2][status] GET https://firebase-public.firebaseio.com/cli.json 200
[debug] [2022-09-02T20:01:28.581Z] <<< [apiv2][body] GET https://firebase-public.firebaseio.com/cli.json {"cloudBuildErrorAfter":1594252800000,"cloudBuildWarnAfter":1590019200000,"defaultNode10After":1594252800000,"minVersion":"3.0.5","node8DeploysDisabledAfter":1613390400000,"node8RuntimeDisabledAfter":1615809600000,"node8WarnAfter":1600128000000}
[debug] [2022-09-02T20:01:28.672Z] <<< [apiv2][status] POST https://www.googleapis.com/oauth2/v3/token 200
[debug] [2022-09-02T20:01:28.673Z] <<< [apiv2][body] POST https://www.googleapis.com/oauth2/v3/token [omitted]
[debug] [2022-09-02T20:01:28.739Z] >>> [apiv2][query] POST https://cloudresourcemanager.googleapis.com/v1/projects/mariclaire-dg:testIamPermissions [none]
[debug] [2022-09-02T20:01:28.740Z] >>> [apiv2][(partial)header] POST https://cloudresourcemanager.googleapis.com/v1/projects/mariclaire-dg:testIamPermissions x-goog-quota-user=projects/mariclaire-dg
[debug] [2022-09-02T20:01:28.740Z] >>> [apiv2][body] POST https://cloudresourcemanager.googleapis.com/v1/projects/mariclaire-dg:testIamPermissions {"permissions":["firebase.projects.get","firebasehosting.sites.update"]}
[debug] [2022-09-02T20:01:29.068Z] <<< [apiv2][status] POST https://cloudresourcemanager.googleapis.com/v1/projects/mariclaire-dg:testIamPermissions 200
[debug] [2022-09-02T20:01:29.068Z] <<< [apiv2][body] POST https://cloudresourcemanager.googleapis.com/v1/projects/mariclaire-dg:testIamPermissions {"permissions":["firebase.projects.get","firebasehosting.sites.update"]}
[debug] [2022-09-02T20:01:29.074Z] >>> [apiv2][query] GET https://firebase.googleapis.com/v1beta1/projects/mariclaire-dg [none]
[debug] [2022-09-02T20:01:29.564Z] <<< [apiv2][status] GET https://firebase.googleapis.com/v1beta1/projects/mariclaire-dg 200
[debug] [2022-09-02T20:01:29.565Z] <<< [apiv2][body] GET https://firebase.googleapis.com/v1beta1/projects/mariclaire-dg {"projectId":"mariclaire-dg","projectNumber":"466054789488","displayName":"mariclaire-dg","name":"projects/mariclaire-dg","resources":{"hostingSite":"mariclaire-dg"},"state":"ACTIVE","etag":"1_781f9a5c-62fd-4298-b444-32dfcfb8c758"}
[info] 
[info] === Deploying to 'mariclaire-dg'...
[info] 
[info] i  deploying hosting 
[debug] [2022-09-02T20:01:29.580Z] >>> [apiv2][query] GET https://firebase.googleapis.com/v1beta1/projects/mariclaire-dg [none]
[debug] [2022-09-02T20:01:29.987Z] <<< [apiv2][status] GET https://firebase.googleapis.com/v1beta1/projects/mariclaire-dg 200
[debug] [2022-09-02T20:01:29.988Z] <<< [apiv2][body] GET https://firebase.googleapis.com/v1beta1/projects/mariclaire-dg {"projectId":"mariclaire-dg","projectNumber":"466054789488","displayName":"mariclaire-dg","name":"projects/mariclaire-dg","resources":{"hostingSite":"mariclaire-dg"},"state":"ACTIVE","etag":"1_781f9a5c-62fd-4298-b444-32dfcfb8c758"}
[debug] [2022-09-02T20:01:30.007Z] >>> [apiv2][query] POST https://firebasehosting.googleapis.com/v1beta1/projects/466054789488/sites/mariclaire-dg/versions [none]
[debug] [2022-09-02T20:01:30.008Z] >>> [apiv2][body] POST https://firebasehosting.googleapis.com/v1beta1/projects/466054789488/sites/mariclaire-dg/versions {"config":{},"labels":{"deployment-tool":"cli-firebase"}}
[debug] [2022-09-02T20:01:31.009Z] <<< [apiv2][status] POST https://firebasehosting.googleapis.com/v1beta1/projects/466054789488/sites/mariclaire-dg/versions 200
[debug] [2022-09-02T20:01:31.010Z] <<< [apiv2][body] POST https://firebasehosting.googleapis.com/v1beta1/projects/466054789488/sites/mariclaire-dg/versions {"name":"projects/466054789488/sites/mariclaire-dg/versions/c1b81479c7375d86","status":"CREATED","config":{},"labels":{"deployment-tool":"cli-firebase"}}
[info] i  hosting[mariclaire-dg]: beginning deploy... 
[info] i  hosting[mariclaire-dg]: found 19 files in dist/portfolio 
[debug] [2022-09-02T20:01:31.097Z] [hosting] uploading with 200 concurrency
